Copyright 1986-2019 Xilinx, Inc. All Rights Reserved.
-----------------------------------------------------------------------------------------
| Tool Version : Vivado v.2019.1 (win64) Build 2552052 Fri May 24 14:49:42 MDT 2019
| Date         : Thu Mar 26 09:31:32 2026
| Host         : DESKTOP-9I8DV21 running 64-bit major release  (build 9200)
| Command      : report_control_sets -verbose -file ClkDiv26Bits_control_sets_placed.rpt
| Design       : ClkDiv26Bits
| Device       : xc7s50
-----------------------------------------------------------------------------------------

Control Set Information

Table of Contents
-----------------
1. Summary
2. Histogram
3. Flip-Flop Distribution
4. Detailed Control Set Information

1. Summary
----------

+----------------------------------------------------------+-------+
|                          Status                          | Count |
+----------------------------------------------------------+-------+
| Total control sets                                       |    26 |
|    Minimum number of control sets                        |    26 |
|    Addition due to synthesis replication                 |     0 |
|    Addition due to physical synthesis replication        |     0 |
| Unused register locations in slices containing registers |   182 |
+----------------------------------------------------------+-------+
* Control sets can be merged at opt_design using control_set_merge or merge_equivalent_drivers
** Run report_qor_suggestions for automated merging and remapping suggestions


2. Histogram
------------

+--------------------+-------+
|       Fanout       | Count |
+--------------------+-------+
| Total control sets |    26 |
| >= 0 to < 4        |    26 |
| >= 4 to < 6        |     0 |
| >= 6 to < 8        |     0 |
| >= 8 to < 10       |     0 |
| >= 10 to < 12      |     0 |
| >= 12 to < 14      |     0 |
| >= 14 to < 16      |     0 |
| >= 16              |     0 |
+--------------------+-------+
* Control sets can be remapped at either synth_design or opt_design


3. Flip-Flop Distribution
-------------------------

+--------------+-----------------------+------------------------+-----------------+--------------+
| Clock Enable | Synchronous Set/Reset | Asynchronous Set/Reset | Total Registers | Total Slices |
+--------------+-----------------------+------------------------+-----------------+--------------+
| No           | No                    | No                     |              26 |           26 |
| No           | No                    | Yes                    |               0 |            0 |
| No           | Yes                   | No                     |               0 |            0 |
| Yes          | No                    | No                     |               0 |            0 |
| Yes          | No                    | Yes                    |               0 |            0 |
| Yes          | Yes                   | No                     |               0 |            0 |
+--------------+-----------------------+------------------------+-----------------+--------------+


4. Detailed Control Set Information
-----------------------------------

+--------------------------------+---------------+------------------+------------------+----------------+
|          Clock Signal          | Enable Signal | Set/Reset Signal | Slice Load Count | Bel Load Count |
+--------------------------------+---------------+------------------+------------------+----------------+
| ~DIG_D_FF_1bit_i20/state_reg_0 |               |                  |                1 |              1 |
| ~DIG_D_FF_1bit_i19/state_reg_0 |               |                  |                1 |              1 |
| ~DIG_D_FF_1bit_i10/state_reg_0 |               |                  |                1 |              1 |
| ~DIG_D_FF_1bit_i21/state_reg_0 |               |                  |                1 |              1 |
| ~DIG_D_FF_1bit_i2/state_reg_0  |               |                  |                1 |              1 |
| ~DIG_D_FF_1bit_i0/state        |               |                  |                1 |              1 |
| ~DIG_D_FF_1bit_i1/state_reg_0  |               |                  |                1 |              1 |
| ~DIG_D_FF_1bit_i23/state_reg_0 |               |                  |                1 |              1 |
| ~DIG_D_FF_1bit_i11/state_reg_0 |               |                  |                1 |              1 |
| ~DIG_D_FF_1bit_i22/state_reg_0 |               |                  |                1 |              1 |
| ~DIG_D_FF_1bit_i24/state_reg_0 |               |                  |                1 |              1 |
| ~DIG_D_FF_1bit_i3/state_reg_0  |               |                  |                1 |              1 |
| ~DIG_D_FF_1bit_i4/state_reg_0  |               |                  |                1 |              1 |
| ~DIG_D_FF_1bit_i9/state_reg_0  |               |                  |                1 |              1 |
| ~DIG_D_FF_1bit_i8/state_reg_0  |               |                  |                1 |              1 |
| ~DIG_D_FF_1bit_i7/state_reg_0  |               |                  |                1 |              1 |
| ~DIG_D_FF_1bit_i5/state_reg_0  |               |                  |                1 |              1 |
| ~DIG_D_FF_1bit_i12/state_reg_0 |               |                  |                1 |              1 |
| ~DIG_D_FF_1bit_i13/state_reg_0 |               |                  |                1 |              1 |
| ~DIG_D_FF_1bit_i6/state_reg_0  |               |                  |                1 |              1 |
| ~DIG_D_FF_1bit_i15/state_reg_0 |               |                  |                1 |              1 |
| ~DIG_D_FF_1bit_i16/state_reg_0 |               |                  |                1 |              1 |
| ~DIG_D_FF_1bit_i17/state_reg_0 |               |                  |                1 |              1 |
| ~DIG_D_FF_1bit_i18/state_reg_0 |               |                  |                1 |              1 |
| ~DIG_D_FF_1bit_i14/state_reg_0 |               |                  |                1 |              1 |
|  CLK_IBUF_BUFG                 |               |                  |                1 |              1 |
+--------------------------------+---------------+------------------+------------------+----------------+


