Copyright 1986-2019 Xilinx, Inc. All Rights Reserved.
------------------------------------------------------------------------------------------
| Tool Version : Vivado v.2019.1 (win64) Build 2552052 Fri May 24 14:49:42 MDT 2019
| Date         : Thu Mar 26 09:31:56 2026
| Host         : DESKTOP-9I8DV21 running 64-bit major release  (build 9200)
| Command      : report_clock_utilization -file ClkDiv26Bits_clock_utilization_routed.rpt
| Design       : ClkDiv26Bits
| Device       : 7s50-csga324
| Speed File   : -1  PRODUCTION 1.23 2018-06-13
| Design State : Routed
------------------------------------------------------------------------------------------

Clock Utilization Report

Table of Contents
-----------------
1. Clock Primitive Utilization
2. Global Clock Resources
3. Global Clock Source Details
4. Local Clock Details
5. Clock Regions: Key Resource Utilization
6. Clock Regions : Global Clock Summary
7. Device Cell Placement Summary for Global Clock g0
8. Clock Region Cell Placement per Global Clock: Region X0Y1

1. Clock Primitive Utilization
------------------------------

+----------+------+-----------+-----+--------------+--------+
| Type     | Used | Available | LOC | Clock Region | Pblock |
+----------+------+-----------+-----+--------------+--------+
| BUFGCTRL |    1 |        32 |   0 |            0 |      0 |
| BUFH     |    0 |        72 |   0 |            0 |      0 |
| BUFIO    |    0 |        20 |   0 |            0 |      0 |
| BUFMR    |    0 |        10 |   0 |            0 |      0 |
| BUFR     |    0 |        20 |   0 |            0 |      0 |
| MMCM     |    0 |         5 |   0 |            0 |      0 |
| PLL      |    0 |         5 |   0 |            0 |      0 |
+----------+------+-----------+-----+--------------+--------+


2. Global Clock Resources
-------------------------

+-----------+-----------+-----------------+------------+----------------+--------------+-------------------+-------------+-----------------+--------------+-------------+----------------------+---------------+
| Global Id | Source Id | Driver Type/Pin | Constraint | Site           | Clock Region | Load Clock Region | Clock Loads | Non-Clock Loads | Clock Period | Clock       | Driver Pin           | Net           |
+-----------+-----------+-----------------+------------+----------------+--------------+-------------------+-------------+-----------------+--------------+-------------+----------------------+---------------+
| g0        | src0      | BUFG/O          | None       | BUFGCTRL_X0Y16 | n/a          |                 1 |           1 |               0 |       83.333 | sys_clk_pin | CLK_IBUF_BUFG_inst/O | CLK_IBUF_BUFG |
+-----------+-----------+-----------------+------------+----------------+--------------+-------------------+-------------+-----------------+--------------+-------------+----------------------+---------------+
* Clock Loads column represents the clock pin loads (pin count)
** Non-Clock Loads column represents the non-clock pin loads (pin count)


3. Global Clock Source Details
------------------------------

+-----------+-----------+-----------------+------------+-----------+--------------+-------------+-----------------+---------------------+--------------+-----------------+----------+
| Source Id | Global Id | Driver Type/Pin | Constraint | Site      | Clock Region | Clock Loads | Non-Clock Loads | Source Clock Period | Source Clock | Driver Pin      | Net      |
+-----------+-----------+-----------------+------------+-----------+--------------+-------------+-----------------+---------------------+--------------+-----------------+----------+
| src0      | g0        | IBUF/O          | IOB_X0Y74  | IOB_X0Y74 | X0Y1         |           1 |               0 |              83.333 | sys_clk_pin  | CLK_IBUF_inst/O | CLK_IBUF |
+-----------+-----------+-----------------+------------+-----------+--------------+-------------+-----------------+---------------------+--------------+-----------------+----------+
* Clock Loads column represents the clock pin loads (pin count)
** Non-Clock Loads column represents the non-clock pin loads (pin count)


4. Local Clock Details
----------------------

+----------+-----------------+------------+-----------------+--------------+-------------+-----------------+--------------+-------+-------------------------------+-------------------------------+
| Local Id | Driver Type/Pin | Constraint | Site/BEL        | Clock Region | Clock Loads | Non-Clock Loads | Clock Period | Clock | Driver Pin                    | Net                           |
+----------+-----------------+------------+-----------------+--------------+-------------+-----------------+--------------+-------+-------------------------------+-------------------------------||
| 0        | FDRE/Q          | None       | SLICE_X5Y66/AFF | X0Y1         |           1 |               1 |              |       | DIG_D_FF_1bit_i0/state_reg/Q  | DIG_D_FF_1bit_i0/state        - Static -
| 1        | FDRE/Q          | None       | SLICE_X4Y66/AFF | X0Y1         |           1 |               1 |              |       | DIG_D_FF_1bit_i1/state_reg/Q  | DIG_D_FF_1bit_i1/state_reg_0  - Static -
| 2        | FDRE/Q          | None       | SLICE_X2Y65/AFF | X0Y1         |           1 |               1 |              |       | DIG_D_FF_1bit_i10/state_reg/Q | DIG_D_FF_1bit_i10/state_reg_0 - Static -
| 3        | FDRE/Q          | None       | SLICE_X1Y65/AFF | X0Y1         |           1 |               1 |              |       | DIG_D_FF_1bit_i11/state_reg/Q | DIG_D_FF_1bit_i11/state_reg_0 - Static -
| 4        | FDRE/Q          | None       | SLICE_X1Y66/AFF | X0Y1         |           1 |               1 |              |       | DIG_D_FF_1bit_i12/state_reg/Q | DIG_D_FF_1bit_i12/state_reg_0 - Static -
| 5        | FDRE/Q          | None       | SLICE_X0Y66/AFF | X0Y1         |           1 |               1 |              |       | DIG_D_FF_1bit_i13/state_reg/Q | DIG_D_FF_1bit_i13/state_reg_0 - Static -
| 6        | FDRE/Q          | None       | SLICE_X0Y67/AFF | X0Y1         |           1 |               1 |              |       | DIG_D_FF_1bit_i14/state_reg/Q | DIG_D_FF_1bit_i14/state_reg_0 - Static -
| 7        | FDRE/Q          | None       | SLICE_X1Y67/AFF | X0Y1         |           1 |               1 |              |       | DIG_D_FF_1bit_i15/state_reg/Q | DIG_D_FF_1bit_i15/state_reg_0 - Static -
| 8        | FDRE/Q          | None       | SLICE_X1Y68/AFF | X0Y1         |           1 |               1 |              |       | DIG_D_FF_1bit_i16/state_reg/Q | DIG_D_FF_1bit_i16/state_reg_0 - Static -
| 9        | FDRE/Q          | None       | SLICE_X0Y68/AFF | X0Y1         |           1 |               1 |              |       | DIG_D_FF_1bit_i17/state_reg/Q | DIG_D_FF_1bit_i17/state_reg_0 - Static -
| 10       | FDRE/Q          | None       | SLICE_X0Y65/AFF | X0Y1         |           1 |               1 |              |       | DIG_D_FF_1bit_i18/state_reg/Q | DIG_D_FF_1bit_i18/state_reg_0 - Static -
| 11       | FDRE/Q          | None       | SLICE_X3Y65/AFF | X0Y1         |           1 |               1 |              |       | DIG_D_FF_1bit_i19/state_reg/Q | DIG_D_FF_1bit_i19/state_reg_0 - Static -
| 12       | FDRE/Q          | None       | SLICE_X3Y66/AFF | X0Y1         |           1 |               1 |              |       | DIG_D_FF_1bit_i2/state_reg/Q  | DIG_D_FF_1bit_i2/state_reg_0  - Static -
| 13       | FDRE/Q          | None       | SLICE_X3Y64/AFF | X0Y1         |           1 |               1 |              |       | DIG_D_FF_1bit_i20/state_reg/Q | DIG_D_FF_1bit_i20/state_reg_0 - Static -
| 14       | FDRE/Q          | None       | SLICE_X2Y64/AFF | X0Y1         |           1 |               1 |              |       | DIG_D_FF_1bit_i21/state_reg/Q | DIG_D_FF_1bit_i21/state_reg_0 - Static -
| 15       | FDRE/Q          | None       | SLICE_X0Y64/AFF | X0Y1         |           1 |               1 |              |       | DIG_D_FF_1bit_i22/state_reg/Q | DIG_D_FF_1bit_i22/state_reg_0 - Static -
| 16       | FDRE/Q          | None       | SLICE_X1Y64/AFF | X0Y1         |           1 |               1 |              |       | DIG_D_FF_1bit_i23/state_reg/Q | DIG_D_FF_1bit_i23/state_reg_0 - Static -
| 17       | FDRE/Q          | None       | SLICE_X0Y63/AFF | X0Y1         |           1 |               1 |              |       | DIG_D_FF_1bit_i24/state_reg/Q | DIG_D_FF_1bit_i24/state_reg_0 - Static -
| 18       | FDRE/Q          | None       | SLICE_X3Y67/AFF | X0Y1         |           1 |               1 |              |       | DIG_D_FF_1bit_i3/state_reg/Q  | DIG_D_FF_1bit_i3/state_reg_0  - Static -
| 19       | FDRE/Q          | None       | SLICE_X4Y65/AFF | X0Y1         |           1 |               1 |              |       | DIG_D_FF_1bit_i4/state_reg/Q  | DIG_D_FF_1bit_i4/state_reg_0  - Static -
| 20       | FDRE/Q          | None       | SLICE_X4Y64/AFF | X0Y1         |           1 |               1 |              |       | DIG_D_FF_1bit_i5/state_reg/Q  | DIG_D_FF_1bit_i5/state_reg_0  - Static -
| 21       | FDRE/Q          | None       | SLICE_X5Y64/AFF | X0Y1         |           1 |               1 |              |       | DIG_D_FF_1bit_i6/state_reg/Q  | DIG_D_FF_1bit_i6/state_reg_0  - Static -
| 22       | FDRE/Q          | None       | SLICE_X6Y64/AFF | X0Y1         |           1 |               1 |              |       | DIG_D_FF_1bit_i7/state_reg/Q  | DIG_D_FF_1bit_i7/state_reg_0  - Static -
| 23       | FDRE/Q          | None       | SLICE_X6Y65/AFF | X0Y1         |           1 |               1 |              |       | DIG_D_FF_1bit_i8/state_reg/Q  | DIG_D_FF_1bit_i8/state_reg_0  - Static -
| 24       | FDRE/Q          | None       | SLICE_X5Y65/AFF | X0Y1         |           1 |               1 |              |       | DIG_D_FF_1bit_i9/state_reg/Q  | DIG_D_FF_1bit_i9/state_reg_0  - Static -
+----------+-----------------+------------+-----------------+--------------+-------------+-----------------+--------------+-------+-------------------------------+-------------------------------||
* Local Clocks in this context represents only clocks driven by non-global buffers
** Clock Loads column represents the clock pin loads (pin count)
*** Non-Clock Loads column represents the non-clock pin loads (pin count)


5. Clock Regions: Key Resource Utilization
------------------------------------------

+-------------------+--------------+--------------+--------------+--------------+--------------+--------------+--------------+--------------+--------------+--------------+--------------+--------------+--------------+--------------+--------------+
|                   | Global Clock |     BUFRs    |    BUFMRs    |    BUFIOs    |     MMCM     |      PLL     |      GT      |      PCI     |    ILOGIC    |    OLOGIC    |      FF      |     LUTM     |    RAMB18    |    RAMB36    |    DSP48E2   |
+-------------------+------+-------+------+-------+------+-------+------+-------+------+-------+------+-------+------+-------+------+-------+------+-------+------+-------+------+-------+------+-------+------+-------+------+-------+------+-------+
| Clock Region Name | Used | Avail | Used | Avail | Used | Avail | Used | Avail | Used | Avail | Used | Avail | Used | Avail | Used | Avail | Used | Avail | Used | Avail | Used | Avail | Used | Avail | Used | Avail | Used | Avail | Used | Avail |
+-------------------+------+-------+------+-------+------+-------+------+-------+------+-------+------+-------+------+-------+------+-------+------+-------+------+-------+------+-------+------+-------+------+-------+------+-------+------+-------+
| X0Y0              |    0 |    12 |    0 |     4 |    0 |     2 |    0 |     4 |    0 |     1 |    0 |     1 |    0 |     0 |    0 |     0 |    0 |    50 |    0 |    50 |    0 |  1200 |    0 |   400 |    0 |    20 |    0 |    10 |    0 |    20 |
| X1Y0              |    0 |    12 |    0 |     4 |    0 |     2 |    0 |     4 |    0 |     1 |    0 |     1 |    0 |     0 |    0 |     0 |    0 |    50 |    0 |    50 |    0 |  1500 |    0 |   450 |    0 |    40 |    0 |    20 |    0 |    20 |
| X0Y1              |    1 |    12 |    0 |     4 |    0 |     2 |    0 |     4 |    0 |     1 |    0 |     1 |    0 |     0 |    0 |     0 |    0 |    50 |    0 |    50 |   26 |  1200 |    8 |   400 |    0 |    20 |    0 |    10 |    0 |    20 |
| X1Y1              |    0 |    12 |    0 |     4 |    0 |     2 |    0 |     4 |    0 |     1 |    0 |     1 |    0 |     0 |    0 |     0 |    0 |    50 |    0 |    50 |    0 |  1500 |    0 |   450 |    0 |    40 |    0 |    20 |    0 |    20 |
| X0Y2              |    0 |    12 |    0 |     4 |    0 |     2 |    0 |     4 |    0 |     1 |    0 |     1 |    0 |     0 |    0 |     0 |    0 |    50 |    0 |    50 |    0 |  1800 |    0 |   400 |    0 |    20 |    0 |    10 |    0 |    20 |
| X1Y2              |    0 |    12 |    0 |     0 |    0 |     0 |    0 |     0 |    0 |     0 |    0 |     0 |    0 |     4 |    0 |     1 |    0 |     0 |    0 |     0 |    0 |   950 |    0 |   300 |    0 |    10 |    0 |     5 |    0 |    20 |
+-------------------+------+-------+------+-------+------+-------+------+-------+------+-------+------+-------+------+-------+------+-------+------+-------+------+-------+------+-------+------+-------+------+-------+------+-------+------+-------+
* Global Clock column represents track count; while other columns represents cell counts


6. Clock Regions : Global Clock Summary
---------------------------------------

All Modules
+----+----+----+
|    | X0 | X1 |
+----+----+----+
| Y2 |  0 |  0 |
| Y1 |  1 |  0 |
| Y0 |  0 |  0 |
+----+----+----+


7. Device Cell Placement Summary for Global Clock g0
----------------------------------------------------

+-----------+-----------------+-------------------+-------------+-------------+----------------+-------------+----------+----------------+----------+---------------+
| Global Id | Driver Type/Pin | Driver Region (D) | Clock       | Period (ns) | Waveform (ns)  | Slice Loads | IO Loads | Clocking Loads | GT Loads | Net           |
+-----------+-----------------+-------------------+-------------+-------------+----------------+-------------+----------+----------------+----------+---------------+
| g0        | BUFG/O          | n/a               | sys_clk_pin |      83.333 | {0.000 41.667} |           1 |        0 |              0 |        0 | CLK_IBUF_BUFG |
+-----------+-----------------+-------------------+-------------+-------------+----------------+-------------+----------+----------------+----------+---------------+
* Slice Loads column represents load cell count of all cell types other than IO, GT and clock resources
** IO Loads column represents load cell count of IO types
*** Clocking Loads column represents load cell count that are clock resources (global clock buffer, MMCM, PLL, etc)
**** GT Loads column represents load cell count of GT types


+----+----+----+
|    | X0 | X1 |
+----+----+----+
| Y2 |  0 |  0 |
| Y1 |  1 |  0 |
| Y0 |  0 |  0 |
+----+----+----+


8. Clock Region Cell Placement per Global Clock: Region X0Y1
------------------------------------------------------------

+-----------+-------+-----------------+------------+-------------+-----------------+----+--------+------+-----+----+------+-----+---------+---------------+
| Global Id | Track | Driver Type/Pin | Constraint | Clock Loads | Non-Clock Loads | FF | LUTRAM | RAMB | DSP | GT | MMCM | PLL | Hard IP | Net           |
+-----------+-------+-----------------+------------+-------------+-----------------+----+--------+------+-----+----+------+-----+---------+---------------+
| g0        | n/a   | BUFG/O          | None       |           1 |               0 |  1 |      0 |    0 |   0 |  0 |    0 |   0 |       0 | CLK_IBUF_BUFG |
+-----------+-------+-----------------+------------+-------------+-----------------+----+--------+------+-----+----+------+-----+---------+---------------+
* Clock Loads column represents the clock pin loads (pin count)
** Non-Clock Loads column represents the non-clock pin loads (pin count)
*** Columns FF, LUTRAM, RAMB through 'Hard IP' represents load cell counts



# Location of BUFG Primitives 
set_property LOC BUFGCTRL_X0Y16 [get_cells CLK_IBUF_BUFG_inst]

# Location of IO Primitives which is load of clock spine

# Location of clock ports
set_property LOC IOB_X0Y74 [get_ports CLK]

# Clock net "CLK_IBUF_BUFG" driven by instance "CLK_IBUF_BUFG_inst" located at site "BUFGCTRL_X0Y16"
#startgroup
create_pblock {CLKAG_CLK_IBUF_BUFG}
add_cells_to_pblock [get_pblocks  {CLKAG_CLK_IBUF_BUFG}] [get_cells -filter { PRIMITIVE_GROUP != I/O && IS_PRIMITIVE==1 && PRIMITIVE_LEVEL !=INTERNAL } -of_object [get_pins -filter {DIRECTION==IN} -of_objects [get_nets -hierarchical -filter {PARENT=="CLK_IBUF_BUFG"}]]]
resize_pblock [get_pblocks {CLKAG_CLK_IBUF_BUFG}] -add {CLOCKREGION_X0Y1:CLOCKREGION_X0Y1}
#endgroup
