Copyright 1986-2019 Xilinx, Inc. All Rights Reserved.
-----------------------------------------------------------------------------------------------------------------------------------------------------------------------------------------------------------
| Tool Version : Vivado v.2019.1 (win64) Build 2552052 Fri May 24 14:49:42 MDT 2019
| Date         : Thu Mar 26 09:31:56 2026
| Host         : DESKTOP-9I8DV21 running 64-bit major release  (build 9200)
| Command      : report_timing_summary -max_paths 10 -file ClkDiv26Bits_timing_summary_routed.rpt -pb ClkDiv26Bits_timing_summary_routed.pb -rpx ClkDiv26Bits_timing_summary_routed.rpx -warn_on_violation
| Design       : ClkDiv26Bits
| Device       : 7s50-csga324
| Speed File   : -1  PRODUCTION 1.23 2018-06-13
-----------------------------------------------------------------------------------------------------------------------------------------------------------------------------------------------------------

Timing Summary Report

------------------------------------------------------------------------------------------------
| Timer Settings
| --------------
------------------------------------------------------------------------------------------------

  Enable Multi Corner Analysis               :  Yes
  Enable Pessimism Removal                   :  Yes
  Pessimism Removal Resolution               :  Nearest Common Node
  Enable Input Delay Default Clock           :  No
  Enable Preset / Clear Arcs                 :  No
  Disable Flight Delays                      :  No
  Ignore I/O Paths                           :  No
  Timing Early Launch at Borrowing Latches   :  No
  Borrow Time for Max Delay Exceptions       :  Yes

  Corner  Analyze    Analyze    
  Name    Max Paths  Min Paths  
  ------  ---------  ---------  
  Slow    Yes        Yes        
  Fast    Yes        Yes        



check_timing report

Table of Contents
-----------------
1. checking no_clock
2. checking constant_clock
3. checking pulse_width_clock
4. checking unconstrained_internal_endpoints
5. checking no_input_delay
6. checking no_output_delay
7. checking multiple_clock
8. checking generated_clocks
9. checking loops
10. checking partial_input_delay
11. checking partial_output_delay
12. checking latch_loops

1. checking no_clock
--------------------
 There is 1 register/latch pin with no clock driven by root clock pin: DIG_D_FF_1bit_i0/state_reg/Q (HIGH)

 There is 1 register/latch pin with no clock driven by root clock pin: DIG_D_FF_1bit_i1/state_reg/Q (HIGH)

 There is 1 register/latch pin with no clock driven by root clock pin: DIG_D_FF_1bit_i10/state_reg/Q (HIGH)

 There is 1 register/latch pin with no clock driven by root clock pin: DIG_D_FF_1bit_i11/state_reg/Q (HIGH)

 There is 1 register/latch pin with no clock driven by root clock pin: DIG_D_FF_1bit_i12/state_reg/Q (HIGH)

 There is 1 register/latch pin with no clock driven by root clock pin: DIG_D_FF_1bit_i13/state_reg/Q (HIGH)

 There is 1 register/latch pin with no clock driven by root clock pin: DIG_D_FF_1bit_i14/state_reg/Q (HIGH)

 There is 1 register/latch pin with no clock driven by root clock pin: DIG_D_FF_1bit_i15/state_reg/Q (HIGH)

 There is 1 register/latch pin with no clock driven by root clock pin: DIG_D_FF_1bit_i16/state_reg/Q (HIGH)

 There is 1 register/latch pin with no clock driven by root clock pin: DIG_D_FF_1bit_i17/state_reg/Q (HIGH)

 There is 1 register/latch pin with no clock driven by root clock pin: DIG_D_FF_1bit_i18/state_reg/Q (HIGH)

 There is 1 register/latch pin with no clock driven by root clock pin: DIG_D_FF_1bit_i19/state_reg/Q (HIGH)

 There is 1 register/latch pin with no clock driven by root clock pin: DIG_D_FF_1bit_i2/state_reg/Q (HIGH)

 There is 1 register/latch pin with no clock driven by root clock pin: DIG_D_FF_1bit_i20/state_reg/Q (HIGH)

 There is 1 register/latch pin with no clock driven by root clock pin: DIG_D_FF_1bit_i21/state_reg/Q (HIGH)

 There is 1 register/latch pin with no clock driven by root clock pin: DIG_D_FF_1bit_i22/state_reg/Q (HIGH)

 There is 1 register/latch pin with no clock driven by root clock pin: DIG_D_FF_1bit_i23/state_reg/Q (HIGH)

 There is 1 register/latch pin with no clock driven by root clock pin: DIG_D_FF_1bit_i24/state_reg/Q (HIGH)

 There is 1 register/latch pin with no clock driven by root clock pin: DIG_D_FF_1bit_i3/state_reg/Q (HIGH)

 There is 1 register/latch pin with no clock driven by root clock pin: DIG_D_FF_1bit_i4/state_reg/Q (HIGH)

 There is 1 register/latch pin with no clock driven by root clock pin: DIG_D_FF_1bit_i5/state_reg/Q (HIGH)

 There is 1 register/latch pin with no clock driven by root clock pin: DIG_D_FF_1bit_i6/state_reg/Q (HIGH)

 There is 1 register/latch pin with no clock driven by root clock pin: DIG_D_FF_1bit_i7/state_reg/Q (HIGH)

 There is 1 register/latch pin with no clock driven by root clock pin: DIG_D_FF_1bit_i8/state_reg/Q (HIGH)

 There is 1 register/latch pin with no clock driven by root clock pin: DIG_D_FF_1bit_i9/state_reg/Q (HIGH)


2. checking constant_clock
--------------------------
 There are 0 register/latch pins with constant_clock.


3. checking pulse_width_clock
-----------------------------
 There are 0 register/latch pins which need pulse_width check


4. checking unconstrained_internal_endpoints
--------------------------------------------
 There are 25 pins that are not constrained for maximum delay. (HIGH)

 There are 0 pins that are not constrained for maximum delay due to constant clock.


5. checking no_input_delay
--------------------------
 There are 0 input ports with no input delay specified.

 There are 0 input ports with no input delay but user has a false path constraint.


6. checking no_output_delay
---------------------------
 There are 4 ports with no output delay specified. (HIGH)

 There are 0 ports with no output delay but user has a false path constraint

 There are 0 ports with no output delay but with a timing clock defined on it or propagating through it


7. checking multiple_clock
--------------------------
 There are 0 register/latch pins with multiple clocks.


8. checking generated_clocks
----------------------------
 There are 0 generated clocks that are not connected to a clock source.


9. checking loops
-----------------
 There are 0 combinational loops in the design.


10. checking partial_input_delay
--------------------------------
 There are 0 input ports with partial input delay specified.


11. checking partial_output_delay
---------------------------------
 There are 0 ports with partial output delay specified.


12. checking latch_loops
------------------------
 There are 0 combinational latch loops in the design through latch input



------------------------------------------------------------------------------------------------
| Design Timing Summary
| ---------------------
------------------------------------------------------------------------------------------------

    WNS(ns)      TNS(ns)  TNS Failing Endpoints  TNS Total Endpoints      WHS(ns)      THS(ns)  THS Failing Endpoints  THS Total Endpoints     WPWS(ns)     TPWS(ns)  TPWS Failing Endpoints  TPWS Total Endpoints  
    -------      -------  ---------------------  -------------------      -------      -------  ---------------------  -------------------     --------     --------  ----------------------  --------------------  
     81.738        0.000                      0                    1        0.451        0.000                      0                    1       41.166        0.000                       0                     2  


All user specified timing constraints are met.


------------------------------------------------------------------------------------------------
| Clock Summary
| -------------
------------------------------------------------------------------------------------------------

Clock        Waveform(ns)       Period(ns)      Frequency(MHz)
-----        ------------       ----------      --------------
sys_clk_pin  {0.000 41.667}     83.333          12.000          


------------------------------------------------------------------------------------------------
| Intra Clock Table
| -----------------
------------------------------------------------------------------------------------------------

Clock             WNS(ns)      TNS(ns)  TNS Failing Endpoints  TNS Total Endpoints      WHS(ns)      THS(ns)  THS Failing Endpoints  THS Total Endpoints     WPWS(ns)     TPWS(ns)  TPWS Failing Endpoints  TPWS Total Endpoints  
-----             -------      -------  ---------------------  -------------------      -------      -------  ---------------------  -------------------     --------     --------  ----------------------  --------------------  
sys_clk_pin        81.738        0.000                      0                    1        0.451        0.000                      0                    1       41.166        0.000                       0                     2  


------------------------------------------------------------------------------------------------
| Inter Clock Table
| -----------------
------------------------------------------------------------------------------------------------

From Clock    To Clock          WNS(ns)      TNS(ns)  TNS Failing Endpoints  TNS Total Endpoints      WHS(ns)      THS(ns)  THS Failing Endpoints  THS Total Endpoints  
----------    --------          -------      -------  ---------------------  -------------------      -------      -------  ---------------------  -------------------  


------------------------------------------------------------------------------------------------
| Other Path Groups Table
| -----------------------
------------------------------------------------------------------------------------------------

Path Group    From Clock    To Clock          WNS(ns)      TNS(ns)  TNS Failing Endpoints  TNS Total Endpoints      WHS(ns)      THS(ns)  THS Failing Endpoints  THS Total Endpoints  
----------    ----------    --------          -------      -------  ---------------------  -------------------      -------      -------  ---------------------  -------------------  


------------------------------------------------------------------------------------------------
| Timing Details
| --------------
------------------------------------------------------------------------------------------------


---------------------------------------------------------------------------------------------------
From Clock:  sys_clk_pin
  To Clock:  sys_clk_pin

Setup :            0  Failing Endpoints,  Worst Slack       81.738ns,  Total Violation        0.000ns
Hold  :            0  Failing Endpoints,  Worst Slack        0.451ns,  Total Violation        0.000ns
PW    :            0  Failing Endpoints,  Worst Slack       41.166ns,  Total Violation        0.000ns
---------------------------------------------------------------------------------------------------


Max Delay Paths
--------------------------------------------------------------------------------------
Slack (MET) :             81.738ns  (required time - arrival time)
  Source:                 DIG_D_FF_1bit_i0/state_reg/C
                            (rising edge-triggered cell FDRE clocked by sys_clk_pin  {rise@0.000ns fall@41.667ns period=83.333ns})
  Destination:            DIG_D_FF_1bit_i0/state_reg/D
                            (rising edge-triggered cell FDRE clocked by sys_clk_pin  {rise@0.000ns fall@41.667ns period=83.333ns})
  Path Group:             sys_clk_pin
  Path Type:              Setup (Max at Slow Process Corner)
  Requirement:            83.333ns  (sys_clk_pin rise@83.333ns - sys_clk_pin rise@0.000ns)
  Data Path Delay:        1.589ns  (logic 0.580ns (36.502%)  route 1.009ns (63.498%))
  Logic Levels:           1  (LUT1=1)
  Clock Path Skew:        0.000ns (DCD - SCD + CPR)
    Destination Clock Delay (DCD):    4.844ns = ( 88.177 - 83.333 ) 
    Source Clock Delay      (SCD):    5.139ns
    Clock Pessimism Removal (CPR):    0.295ns
  Clock Uncertainty:      0.035ns  ((TSJ^2 + TIJ^2)^1/2 + DJ) / 2 + PE
    Total System Jitter     (TSJ):    0.071ns
    Total Input Jitter      (TIJ):    0.000ns
    Discrete Jitter          (DJ):    0.000ns
    Phase Error              (PE):    0.000ns

    Location             Delay type                Incr(ns)  Path(ns)    Netlist Resource(s)
  -------------------------------------------------------------------    -------------------
                         (clock sys_clk_pin rise edge)
                                                      0.000     0.000 r  
    F14                                               0.000     0.000 r  CLK (IN)
                         net (fo=0)                   0.000     0.000    CLK
    F14                  IBUF (Prop_ibuf_I_O)         1.458     1.458 r  CLK_IBUF_inst/O
                         net (fo=1, routed)           1.972     3.430    CLK_IBUF
    BUFGCTRL_X0Y16       BUFG (Prop_bufg_I_O)         0.096     3.526 r  CLK_IBUF_BUFG_inst/O
                         net (fo=1, routed)           1.613     5.139    DIG_D_FF_1bit_i0/CLK
    SLICE_X5Y66          FDRE                                         r  DIG_D_FF_1bit_i0/state_reg/C
  -------------------------------------------------------------------    -------------------
    SLICE_X5Y66          FDRE (Prop_fdre_C_Q)         0.456     5.595 f  DIG_D_FF_1bit_i0/state_reg/Q
                         net (fo=2, routed)           1.009     6.604    state
    SLICE_X5Y66          LUT1 (Prop_lut1_I0_O)        0.124     6.728 r  state_reg_i_1/O
                         net (fo=1, routed)           0.000     6.728    DIG_D_FF_1bit_i0/lopt
    SLICE_X5Y66          FDRE                                         r  DIG_D_FF_1bit_i0/state_reg/D
  -------------------------------------------------------------------    -------------------

                         (clock sys_clk_pin rise edge)
                                                     83.333    83.333 r  
    F14                                               0.000    83.333 r  CLK (IN)
                         net (fo=0)                   0.000    83.333    CLK
    F14                  IBUF (Prop_ibuf_I_O)         1.388    84.721 r  CLK_IBUF_inst/O
                         net (fo=1, routed)           1.868    86.589    CLK_IBUF
    BUFGCTRL_X0Y16       BUFG (Prop_bufg_I_O)         0.091    86.680 r  CLK_IBUF_BUFG_inst/O
                         net (fo=1, routed)           1.497    88.177    DIG_D_FF_1bit_i0/CLK
    SLICE_X5Y66          FDRE                                         r  DIG_D_FF_1bit_i0/state_reg/C
                         clock pessimism              0.295    88.472    
                         clock uncertainty           -0.035    88.437    
    SLICE_X5Y66          FDRE (Setup_fdre_C_D)        0.029    88.466    DIG_D_FF_1bit_i0/state_reg
  -------------------------------------------------------------------
                         required time                         88.466    
                         arrival time                          -6.728    
  -------------------------------------------------------------------
                         slack                                 81.738    





Min Delay Paths
--------------------------------------------------------------------------------------
Slack (MET) :             0.451ns  (arrival time - required time)
  Source:                 DIG_D_FF_1bit_i0/state_reg/C
                            (rising edge-triggered cell FDRE clocked by sys_clk_pin  {rise@0.000ns fall@41.667ns period=83.333ns})
  Destination:            DIG_D_FF_1bit_i0/state_reg/D
                            (rising edge-triggered cell FDRE clocked by sys_clk_pin  {rise@0.000ns fall@41.667ns period=83.333ns})
  Path Group:             sys_clk_pin
  Path Type:              Hold (Min at Fast Process Corner)
  Requirement:            0.000ns  (sys_clk_pin rise@0.000ns - sys_clk_pin rise@0.000ns)
  Data Path Delay:        0.542ns  (logic 0.186ns (34.320%)  route 0.356ns (65.680%))
  Logic Levels:           1  (LUT1=1)
  Clock Path Skew:        0.000ns (DCD - SCD - CPR)
    Destination Clock Delay (DCD):    1.984ns
    Source Clock Delay      (SCD):    1.470ns
    Clock Pessimism Removal (CPR):    0.514ns

    Location             Delay type                Incr(ns)  Path(ns)    Netlist Resource(s)
  -------------------------------------------------------------------    -------------------
                         (clock sys_clk_pin rise edge)
                                                      0.000     0.000 r  
    F14                                               0.000     0.000 r  CLK (IN)
                         net (fo=0)                   0.000     0.000    CLK
    F14                  IBUF (Prop_ibuf_I_O)         0.226     0.226 r  CLK_IBUF_inst/O
                         net (fo=1, routed)           0.634     0.861    CLK_IBUF
    BUFGCTRL_X0Y16       BUFG (Prop_bufg_I_O)         0.026     0.887 r  CLK_IBUF_BUFG_inst/O
                         net (fo=1, routed)           0.584     1.470    DIG_D_FF_1bit_i0/CLK
    SLICE_X5Y66          FDRE                                         r  DIG_D_FF_1bit_i0/state_reg/C
  -------------------------------------------------------------------    -------------------
    SLICE_X5Y66          FDRE (Prop_fdre_C_Q)         0.141     1.611 f  DIG_D_FF_1bit_i0/state_reg/Q
                         net (fo=2, routed)           0.356     1.967    state
    SLICE_X5Y66          LUT1 (Prop_lut1_I0_O)        0.045     2.012 r  state_reg_i_1/O
                         net (fo=1, routed)           0.000     2.012    DIG_D_FF_1bit_i0/lopt
    SLICE_X5Y66          FDRE                                         r  DIG_D_FF_1bit_i0/state_reg/D
  -------------------------------------------------------------------    -------------------

                         (clock sys_clk_pin rise edge)
                                                      0.000     0.000 r  
    F14                                               0.000     0.000 r  CLK (IN)
                         net (fo=0)                   0.000     0.000    CLK
    F14                  IBUF (Prop_ibuf_I_O)         0.414     0.414 r  CLK_IBUF_inst/O
                         net (fo=1, routed)           0.689     1.103    CLK_IBUF
    BUFGCTRL_X0Y16       BUFG (Prop_bufg_I_O)         0.029     1.132 r  CLK_IBUF_BUFG_inst/O
                         net (fo=1, routed)           0.853     1.984    DIG_D_FF_1bit_i0/CLK
    SLICE_X5Y66          FDRE                                         r  DIG_D_FF_1bit_i0/state_reg/C
                         clock pessimism             -0.514     1.470    
    SLICE_X5Y66          FDRE (Hold_fdre_C_D)         0.091     1.561    DIG_D_FF_1bit_i0/state_reg
  -------------------------------------------------------------------
                         required time                         -1.561    
                         arrival time                           2.012    
  -------------------------------------------------------------------
                         slack                                  0.451    





Pulse Width Checks
--------------------------------------------------------------------------------------
Clock Name:         sys_clk_pin
Waveform(ns):       { 0.000 41.667 }
Period(ns):         83.333
Sources:            { CLK }

Check Type        Corner  Lib Pin  Reference Pin  Required(ns)  Actual(ns)  Slack(ns)  Location        Pin
Min Period        n/a     BUFG/I   n/a            2.155         83.333      81.178     BUFGCTRL_X0Y16  CLK_IBUF_BUFG_inst/I
Min Period        n/a     FDRE/C   n/a            1.000         83.333      82.333     SLICE_X5Y66     DIG_D_FF_1bit_i0/state_reg/C
Low Pulse Width   Slow    FDRE/C   n/a            0.500         41.666      41.166     SLICE_X5Y66     DIG_D_FF_1bit_i0/state_reg/C
Low Pulse Width   Fast    FDRE/C   n/a            0.500         41.666      41.166     SLICE_X5Y66     DIG_D_FF_1bit_i0/state_reg/C
High Pulse Width  Fast    FDRE/C   n/a            0.500         41.667      41.167     SLICE_X5Y66     DIG_D_FF_1bit_i0/state_reg/C
High Pulse Width  Slow    FDRE/C   n/a            0.500         41.667      41.167     SLICE_X5Y66     DIG_D_FF_1bit_i0/state_reg/C



