
*** Running vivado
    with args -log ClkDiv26Bits.vds -m64 -product Vivado -mode batch -messageDb vivado.pb -notrace -source ClkDiv26Bits.tcl


****** Vivado v2019.1 (64-bit)
  **** SW Build 2552052 on Fri May 24 14:49:42 MDT 2019
  **** IP Build 2548770 on Fri May 24 18:01:18 MDT 2019
    ** Copyright 1986-2019 Xilinx, Inc. All Rights Reserved.

source ClkDiv26Bits.tcl -notrace
Command: synth_design -top ClkDiv26Bits -part xc7s50csga324-1
Starting synth_design
Attempting to get a license for feature 'Synthesis' and/or device 'xc7s50'
INFO: [Common 17-349] Got license for feature 'Synthesis' and/or device 'xc7s50'
INFO: [Device 21-403] Loading part xc7s50csga324-1
INFO: Launching helper process for spawning children vivado processes
INFO: Helper process launched with PID 41076 
---------------------------------------------------------------------------------
Starting RTL Elaboration : Time (s): cpu = 00:00:03 ; elapsed = 00:00:04 . Memory (MB): peak = 696.047 ; gain = 177.723
---------------------------------------------------------------------------------
INFO: [Synth 8-6157] synthesizing module 'ClkDiv26Bits' [C:/Users/Administrator/Desktop/Classes/NTOU_20260201/VerilogAndFPGA/W5/FPGA_Implement_2026/ClkDiv26Bits.v:30]
INFO: [Synth 8-6157] synthesizing module 'DIG_D_FF_1bit' [C:/Users/Administrator/Desktop/Classes/NTOU_20260201/VerilogAndFPGA/W5/FPGA_Implement_2026/ClkDiv26Bits.v:5]
	Parameter Default bound to: 0 - type: integer 
INFO: [Synth 8-6155] done synthesizing module 'DIG_D_FF_1bit' (1#1) [C:/Users/Administrator/Desktop/Classes/NTOU_20260201/VerilogAndFPGA/W5/FPGA_Implement_2026/ClkDiv26Bits.v:5]
WARNING: [Synth 8-7023] instance 'DIG_D_FF_1bit_i0' of module 'DIG_D_FF_1bit' has 4 connections declared, but only 3 given [C:/Users/Administrator/Desktop/Classes/NTOU_20260201/VerilogAndFPGA/W5/FPGA_Implement_2026/ClkDiv26Bits.v:66]
WARNING: [Synth 8-7023] instance 'DIG_D_FF_1bit_i1' of module 'DIG_D_FF_1bit' has 4 connections declared, but only 3 given [C:/Users/Administrator/Desktop/Classes/NTOU_20260201/VerilogAndFPGA/W5/FPGA_Implement_2026/ClkDiv26Bits.v:74]
WARNING: [Synth 8-7023] instance 'DIG_D_FF_1bit_i2' of module 'DIG_D_FF_1bit' has 4 connections declared, but only 3 given [C:/Users/Administrator/Desktop/Classes/NTOU_20260201/VerilogAndFPGA/W5/FPGA_Implement_2026/ClkDiv26Bits.v:82]
WARNING: [Synth 8-7023] instance 'DIG_D_FF_1bit_i3' of module 'DIG_D_FF_1bit' has 4 connections declared, but only 3 given [C:/Users/Administrator/Desktop/Classes/NTOU_20260201/VerilogAndFPGA/W5/FPGA_Implement_2026/ClkDiv26Bits.v:90]
WARNING: [Synth 8-7023] instance 'DIG_D_FF_1bit_i4' of module 'DIG_D_FF_1bit' has 4 connections declared, but only 3 given [C:/Users/Administrator/Desktop/Classes/NTOU_20260201/VerilogAndFPGA/W5/FPGA_Implement_2026/ClkDiv26Bits.v:98]
WARNING: [Synth 8-7023] instance 'DIG_D_FF_1bit_i5' of module 'DIG_D_FF_1bit' has 4 connections declared, but only 3 given [C:/Users/Administrator/Desktop/Classes/NTOU_20260201/VerilogAndFPGA/W5/FPGA_Implement_2026/ClkDiv26Bits.v:106]
WARNING: [Synth 8-7023] instance 'DIG_D_FF_1bit_i6' of module 'DIG_D_FF_1bit' has 4 connections declared, but only 3 given [C:/Users/Administrator/Desktop/Classes/NTOU_20260201/VerilogAndFPGA/W5/FPGA_Implement_2026/ClkDiv26Bits.v:114]
WARNING: [Synth 8-7023] instance 'DIG_D_FF_1bit_i7' of module 'DIG_D_FF_1bit' has 4 connections declared, but only 3 given [C:/Users/Administrator/Desktop/Classes/NTOU_20260201/VerilogAndFPGA/W5/FPGA_Implement_2026/ClkDiv26Bits.v:122]
WARNING: [Synth 8-7023] instance 'DIG_D_FF_1bit_i8' of module 'DIG_D_FF_1bit' has 4 connections declared, but only 3 given [C:/Users/Administrator/Desktop/Classes/NTOU_20260201/VerilogAndFPGA/W5/FPGA_Implement_2026/ClkDiv26Bits.v:130]
WARNING: [Synth 8-7023] instance 'DIG_D_FF_1bit_i9' of module 'DIG_D_FF_1bit' has 4 connections declared, but only 3 given [C:/Users/Administrator/Desktop/Classes/NTOU_20260201/VerilogAndFPGA/W5/FPGA_Implement_2026/ClkDiv26Bits.v:138]
WARNING: [Synth 8-7023] instance 'DIG_D_FF_1bit_i10' of module 'DIG_D_FF_1bit' has 4 connections declared, but only 3 given [C:/Users/Administrator/Desktop/Classes/NTOU_20260201/VerilogAndFPGA/W5/FPGA_Implement_2026/ClkDiv26Bits.v:146]
WARNING: [Synth 8-7023] instance 'DIG_D_FF_1bit_i11' of module 'DIG_D_FF_1bit' has 4 connections declared, but only 3 given [C:/Users/Administrator/Desktop/Classes/NTOU_20260201/VerilogAndFPGA/W5/FPGA_Implement_2026/ClkDiv26Bits.v:154]
WARNING: [Synth 8-7023] instance 'DIG_D_FF_1bit_i12' of module 'DIG_D_FF_1bit' has 4 connections declared, but only 3 given [C:/Users/Administrator/Desktop/Classes/NTOU_20260201/VerilogAndFPGA/W5/FPGA_Implement_2026/ClkDiv26Bits.v:162]
WARNING: [Synth 8-7023] instance 'DIG_D_FF_1bit_i13' of module 'DIG_D_FF_1bit' has 4 connections declared, but only 3 given [C:/Users/Administrator/Desktop/Classes/NTOU_20260201/VerilogAndFPGA/W5/FPGA_Implement_2026/ClkDiv26Bits.v:170]
WARNING: [Synth 8-7023] instance 'DIG_D_FF_1bit_i14' of module 'DIG_D_FF_1bit' has 4 connections declared, but only 3 given [C:/Users/Administrator/Desktop/Classes/NTOU_20260201/VerilogAndFPGA/W5/FPGA_Implement_2026/ClkDiv26Bits.v:178]
WARNING: [Synth 8-7023] instance 'DIG_D_FF_1bit_i15' of module 'DIG_D_FF_1bit' has 4 connections declared, but only 3 given [C:/Users/Administrator/Desktop/Classes/NTOU_20260201/VerilogAndFPGA/W5/FPGA_Implement_2026/ClkDiv26Bits.v:186]
WARNING: [Synth 8-7023] instance 'DIG_D_FF_1bit_i16' of module 'DIG_D_FF_1bit' has 4 connections declared, but only 3 given [C:/Users/Administrator/Desktop/Classes/NTOU_20260201/VerilogAndFPGA/W5/FPGA_Implement_2026/ClkDiv26Bits.v:194]
WARNING: [Synth 8-7023] instance 'DIG_D_FF_1bit_i17' of module 'DIG_D_FF_1bit' has 4 connections declared, but only 3 given [C:/Users/Administrator/Desktop/Classes/NTOU_20260201/VerilogAndFPGA/W5/FPGA_Implement_2026/ClkDiv26Bits.v:202]
WARNING: [Synth 8-7023] instance 'DIG_D_FF_1bit_i18' of module 'DIG_D_FF_1bit' has 4 connections declared, but only 3 given [C:/Users/Administrator/Desktop/Classes/NTOU_20260201/VerilogAndFPGA/W5/FPGA_Implement_2026/ClkDiv26Bits.v:210]
WARNING: [Synth 8-7023] instance 'DIG_D_FF_1bit_i19' of module 'DIG_D_FF_1bit' has 4 connections declared, but only 3 given [C:/Users/Administrator/Desktop/Classes/NTOU_20260201/VerilogAndFPGA/W5/FPGA_Implement_2026/ClkDiv26Bits.v:218]
WARNING: [Synth 8-7023] instance 'DIG_D_FF_1bit_i20' of module 'DIG_D_FF_1bit' has 4 connections declared, but only 3 given [C:/Users/Administrator/Desktop/Classes/NTOU_20260201/VerilogAndFPGA/W5/FPGA_Implement_2026/ClkDiv26Bits.v:226]
WARNING: [Synth 8-7023] instance 'DIG_D_FF_1bit_i21' of module 'DIG_D_FF_1bit' has 4 connections declared, but only 3 given [C:/Users/Administrator/Desktop/Classes/NTOU_20260201/VerilogAndFPGA/W5/FPGA_Implement_2026/ClkDiv26Bits.v:234]
WARNING: [Synth 8-7023] instance 'DIG_D_FF_1bit_i22' of module 'DIG_D_FF_1bit' has 4 connections declared, but only 3 given [C:/Users/Administrator/Desktop/Classes/NTOU_20260201/VerilogAndFPGA/W5/FPGA_Implement_2026/ClkDiv26Bits.v:242]
WARNING: [Synth 8-7023] instance 'DIG_D_FF_1bit_i23' of module 'DIG_D_FF_1bit' has 4 connections declared, but only 3 given [C:/Users/Administrator/Desktop/Classes/NTOU_20260201/VerilogAndFPGA/W5/FPGA_Implement_2026/ClkDiv26Bits.v:250]
WARNING: [Synth 8-7023] instance 'DIG_D_FF_1bit_i24' of module 'DIG_D_FF_1bit' has 4 connections declared, but only 3 given [C:/Users/Administrator/Desktop/Classes/NTOU_20260201/VerilogAndFPGA/W5/FPGA_Implement_2026/ClkDiv26Bits.v:258]
WARNING: [Synth 8-7023] instance 'DIG_D_FF_1bit_i25' of module 'DIG_D_FF_1bit' has 4 connections declared, but only 3 given [C:/Users/Administrator/Desktop/Classes/NTOU_20260201/VerilogAndFPGA/W5/FPGA_Implement_2026/ClkDiv26Bits.v:266]
INFO: [Synth 8-6155] done synthesizing module 'ClkDiv26Bits' (2#1) [C:/Users/Administrator/Desktop/Classes/NTOU_20260201/VerilogAndFPGA/W5/FPGA_Implement_2026/ClkDiv26Bits.v:30]
---------------------------------------------------------------------------------
Finished RTL Elaboration : Time (s): cpu = 00:00:04 ; elapsed = 00:00:06 . Memory (MB): peak = 759.699 ; gain = 241.375
---------------------------------------------------------------------------------

Report Check Netlist: 
+------+------------------+-------+---------+-------+------------------+
|      |Item              |Errors |Warnings |Status |Description       |
+------+------------------+-------+---------+-------+------------------+
|1     |multi_driven_nets |      0|        0|Passed |Multi driven nets |
+------+------------------+-------+---------+-------+------------------+
---------------------------------------------------------------------------------
Start Handling Custom Attributes
---------------------------------------------------------------------------------
---------------------------------------------------------------------------------
Finished Handling Custom Attributes : Time (s): cpu = 00:00:05 ; elapsed = 00:00:06 . Memory (MB): peak = 759.699 ; gain = 241.375
---------------------------------------------------------------------------------
---------------------------------------------------------------------------------
Finished RTL Optimization Phase 1 : Time (s): cpu = 00:00:05 ; elapsed = 00:00:06 . Memory (MB): peak = 759.699 ; gain = 241.375
---------------------------------------------------------------------------------
INFO: [Project 1-570] Preparing netlist for logic optimization

Processing XDC Constraints
Initializing timing engine
Parsing XDC File [C:/Users/Administrator/Desktop/Classes/NTOU_20260201/VerilogAndFPGA/W5/FPGA_Implement_2026/ClkDiv26Bits.xdc]
Finished Parsing XDC File [C:/Users/Administrator/Desktop/Classes/NTOU_20260201/VerilogAndFPGA/W5/FPGA_Implement_2026/ClkDiv26Bits.xdc]
INFO: [Project 1-236] Implementation specific constraints were found while reading constraint file [C:/Users/Administrator/Desktop/Classes/NTOU_20260201/VerilogAndFPGA/W5/FPGA_Implement_2026/ClkDiv26Bits.xdc]. These constraints will be ignored for synthesis but will be used in implementation. Impacted constraints are listed in the file [.Xil/ClkDiv26Bits_propImpl.xdc].
Resolution: To avoid this warning, move constraints listed in [.Xil/ClkDiv26Bits_propImpl.xdc] to another XDC file and exclude this new file from synthesis with the used_in_synthesis property (File Properties dialog in GUI) and re-run elaboration/synthesis.
Completed Processing XDC Constraints

Netlist sorting complete. Time (s): cpu = 00:00:00 ; elapsed = 00:00:00 . Memory (MB): peak = 879.711 ; gain = 0.000
INFO: [Project 1-111] Unisim Transformation Summary:
No Unisim elements were transformed.

Constraint Validation Runtime : Time (s): cpu = 00:00:00 ; elapsed = 00:00:00.001 . Memory (MB): peak = 879.711 ; gain = 0.000
---------------------------------------------------------------------------------
Finished Constraint Validation : Time (s): cpu = 00:00:10 ; elapsed = 00:00:12 . Memory (MB): peak = 879.711 ; gain = 361.387
---------------------------------------------------------------------------------
---------------------------------------------------------------------------------
Start Loading Part and Timing Information
---------------------------------------------------------------------------------
Loading part: xc7s50csga324-1
---------------------------------------------------------------------------------
Finished Loading Part and Timing Information : Time (s): cpu = 00:00:10 ; elapsed = 00:00:12 . Memory (MB): peak = 879.711 ; gain = 361.387
---------------------------------------------------------------------------------
---------------------------------------------------------------------------------
Start Applying 'set_property' XDC Constraints
---------------------------------------------------------------------------------
---------------------------------------------------------------------------------
Finished applying 'set_property' XDC Constraints : Time (s): cpu = 00:00:10 ; elapsed = 00:00:12 . Memory (MB): peak = 879.711 ; gain = 361.387
---------------------------------------------------------------------------------
---------------------------------------------------------------------------------
Finished RTL Optimization Phase 2 : Time (s): cpu = 00:00:10 ; elapsed = 00:00:12 . Memory (MB): peak = 879.711 ; gain = 361.387
---------------------------------------------------------------------------------

Report RTL Partitions: 
+-+--------------+------------+----------+
| |RTL Partition |Replication |Instances |
+-+--------------+------------+----------+
+-+--------------+------------+----------+
---------------------------------------------------------------------------------
Start RTL Component Statistics 
---------------------------------------------------------------------------------
Detailed RTL Component Info : 
+---Registers : 
	                1 Bit    Registers := 26    
---------------------------------------------------------------------------------
Finished RTL Component Statistics 
---------------------------------------------------------------------------------
---------------------------------------------------------------------------------
Start RTL Hierarchical Component Statistics 
---------------------------------------------------------------------------------
Hierarchical RTL Component report 
Module DIG_D_FF_1bit 
Detailed RTL Component Info : 
+---Registers : 
	                1 Bit    Registers := 1     
---------------------------------------------------------------------------------
Finished RTL Hierarchical Component Statistics
---------------------------------------------------------------------------------
---------------------------------------------------------------------------------
Start Part Resource Summary
---------------------------------------------------------------------------------
Part Resources:
DSPs: 120 (col length:60)
BRAMs: 150 (col length: RAMB18 60 RAMB36 30)
---------------------------------------------------------------------------------
Finished Part Resource Summary
---------------------------------------------------------------------------------
---------------------------------------------------------------------------------
Start Cross Boundary and Area Optimization
---------------------------------------------------------------------------------
Warning: Parallel synthesis criteria is not met 
---------------------------------------------------------------------------------
Finished Cross Boundary and Area Optimization : Time (s): cpu = 00:00:11 ; elapsed = 00:00:13 . Memory (MB): peak = 879.711 ; gain = 361.387
---------------------------------------------------------------------------------

Report RTL Partitions: 
+-+--------------+------------+----------+
| |RTL Partition |Replication |Instances |
+-+--------------+------------+----------+
+-+--------------+------------+----------+
---------------------------------------------------------------------------------
Start Applying XDC Timing Constraints
---------------------------------------------------------------------------------
---------------------------------------------------------------------------------
Finished Applying XDC Timing Constraints : Time (s): cpu = 00:00:17 ; elapsed = 00:00:20 . Memory (MB): peak = 879.711 ; gain = 361.387
---------------------------------------------------------------------------------
---------------------------------------------------------------------------------
Start Timing Optimization
---------------------------------------------------------------------------------
---------------------------------------------------------------------------------
Finished Timing Optimization : Time (s): cpu = 00:00:17 ; elapsed = 00:00:20 . Memory (MB): peak = 879.711 ; gain = 361.387
---------------------------------------------------------------------------------

Report RTL Partitions: 
+-+--------------+------------+----------+
| |RTL Partition |Replication |Instances |
+-+--------------+------------+----------+
+-+--------------+------------+----------+
---------------------------------------------------------------------------------
Start Technology Mapping
---------------------------------------------------------------------------------
---------------------------------------------------------------------------------
Finished Technology Mapping : Time (s): cpu = 00:00:18 ; elapsed = 00:00:20 . Memory (MB): peak = 879.711 ; gain = 361.387
---------------------------------------------------------------------------------

Report RTL Partitions: 
+-+--------------+------------+----------+
| |RTL Partition |Replication |Instances |
+-+--------------+------------+----------+
+-+--------------+------------+----------+
---------------------------------------------------------------------------------
Start IO Insertion
---------------------------------------------------------------------------------
---------------------------------------------------------------------------------
Start Flattening Before IO Insertion
---------------------------------------------------------------------------------
---------------------------------------------------------------------------------
Finished Flattening Before IO Insertion
---------------------------------------------------------------------------------
---------------------------------------------------------------------------------
Start Final Netlist Cleanup
---------------------------------------------------------------------------------
---------------------------------------------------------------------------------
Finished Final Netlist Cleanup
---------------------------------------------------------------------------------
---------------------------------------------------------------------------------
Finished IO Insertion : Time (s): cpu = 00:00:19 ; elapsed = 00:00:22 . Memory (MB): peak = 879.711 ; gain = 361.387
---------------------------------------------------------------------------------

Report Check Netlist: 
+------+------------------+-------+---------+-------+------------------+
|      |Item              |Errors |Warnings |Status |Description       |
+------+------------------+-------+---------+-------+------------------+
|1     |multi_driven_nets |      0|        0|Passed |Multi driven nets |
+------+------------------+-------+---------+-------+------------------+
---------------------------------------------------------------------------------
Start Renaming Generated Instances
---------------------------------------------------------------------------------
---------------------------------------------------------------------------------
Finished Renaming Generated Instances : Time (s): cpu = 00:00:19 ; elapsed = 00:00:22 . Memory (MB): peak = 879.711 ; gain = 361.387
---------------------------------------------------------------------------------

Report RTL Partitions: 
+-+--------------+------------+----------+
| |RTL Partition |Replication |Instances |
+-+--------------+------------+----------+
+-+--------------+------------+----------+
---------------------------------------------------------------------------------
Start Rebuilding User Hierarchy
---------------------------------------------------------------------------------
---------------------------------------------------------------------------------
Finished Rebuilding User Hierarchy : Time (s): cpu = 00:00:19 ; elapsed = 00:00:22 . Memory (MB): peak = 879.711 ; gain = 361.387
---------------------------------------------------------------------------------
---------------------------------------------------------------------------------
Start Renaming Generated Ports
---------------------------------------------------------------------------------
---------------------------------------------------------------------------------
Finished Renaming Generated Ports : Time (s): cpu = 00:00:19 ; elapsed = 00:00:22 . Memory (MB): peak = 879.711 ; gain = 361.387
---------------------------------------------------------------------------------
---------------------------------------------------------------------------------
Start Handling Custom Attributes
---------------------------------------------------------------------------------
---------------------------------------------------------------------------------
Finished Handling Custom Attributes : Time (s): cpu = 00:00:19 ; elapsed = 00:00:22 . Memory (MB): peak = 879.711 ; gain = 361.387
---------------------------------------------------------------------------------
---------------------------------------------------------------------------------
Start Renaming Generated Nets
---------------------------------------------------------------------------------
---------------------------------------------------------------------------------
Finished Renaming Generated Nets : Time (s): cpu = 00:00:19 ; elapsed = 00:00:22 . Memory (MB): peak = 879.711 ; gain = 361.387
---------------------------------------------------------------------------------
---------------------------------------------------------------------------------
Start Writing Synthesis Report
---------------------------------------------------------------------------------

Report BlackBoxes: 
+-+--------------+----------+
| |BlackBox name |Instances |
+-+--------------+----------+
+-+--------------+----------+

Report Cell Usage: 
+------+-----+------+
|      |Cell |Count |
+------+-----+------+
|1     |BUFG |     1|
|2     |LUT1 |    26|
|3     |FDRE |    26|
|4     |IBUF |     1|
|5     |OBUF |     4|
+------+-----+------+

Report Instance Areas: 
+------+--------------------+-----------------+------+
|      |Instance            |Module           |Cells |
+------+--------------------+-----------------+------+
|1     |top                 |                 |    58|
|2     |  DIG_D_FF_1bit_i0  |DIG_D_FF_1bit    |     1|
|3     |  DIG_D_FF_1bit_i1  |DIG_D_FF_1bit_0  |     1|
|4     |  DIG_D_FF_1bit_i10 |DIG_D_FF_1bit_1  |     1|
|5     |  DIG_D_FF_1bit_i11 |DIG_D_FF_1bit_2  |     1|
|6     |  DIG_D_FF_1bit_i12 |DIG_D_FF_1bit_3  |     1|
|7     |  DIG_D_FF_1bit_i13 |DIG_D_FF_1bit_4  |     1|
|8     |  DIG_D_FF_1bit_i14 |DIG_D_FF_1bit_5  |     1|
|9     |  DIG_D_FF_1bit_i15 |DIG_D_FF_1bit_6  |     1|
|10    |  DIG_D_FF_1bit_i16 |DIG_D_FF_1bit_7  |     1|
|11    |  DIG_D_FF_1bit_i17 |DIG_D_FF_1bit_8  |     1|
|12    |  DIG_D_FF_1bit_i18 |DIG_D_FF_1bit_9  |     1|
|13    |  DIG_D_FF_1bit_i19 |DIG_D_FF_1bit_10 |     1|
|14    |  DIG_D_FF_1bit_i2  |DIG_D_FF_1bit_11 |     1|
|15    |  DIG_D_FF_1bit_i20 |DIG_D_FF_1bit_12 |     1|
|16    |  DIG_D_FF_1bit_i21 |DIG_D_FF_1bit_13 |     1|
|17    |  DIG_D_FF_1bit_i22 |DIG_D_FF_1bit_14 |     1|
|18    |  DIG_D_FF_1bit_i23 |DIG_D_FF_1bit_15 |     1|
|19    |  DIG_D_FF_1bit_i24 |DIG_D_FF_1bit_16 |     1|
|20    |  DIG_D_FF_1bit_i25 |DIG_D_FF_1bit_17 |     2|
|21    |  DIG_D_FF_1bit_i3  |DIG_D_FF_1bit_18 |     1|
|22    |  DIG_D_FF_1bit_i4  |DIG_D_FF_1bit_19 |     1|
|23    |  DIG_D_FF_1bit_i5  |DIG_D_FF_1bit_20 |     1|
|24    |  DIG_D_FF_1bit_i6  |DIG_D_FF_1bit_21 |     1|
|25    |  DIG_D_FF_1bit_i7  |DIG_D_FF_1bit_22 |     1|
|26    |  DIG_D_FF_1bit_i8  |DIG_D_FF_1bit_23 |     1|
|27    |  DIG_D_FF_1bit_i9  |DIG_D_FF_1bit_24 |     1|
+------+--------------------+-----------------+------+
---------------------------------------------------------------------------------
Finished Writing Synthesis Report : Time (s): cpu = 00:00:19 ; elapsed = 00:00:22 . Memory (MB): peak = 879.711 ; gain = 361.387
---------------------------------------------------------------------------------
Synthesis finished with 0 errors, 0 critical warnings and 0 warnings.
Synthesis Optimization Runtime : Time (s): cpu = 00:00:12 ; elapsed = 00:00:20 . Memory (MB): peak = 879.711 ; gain = 241.375
Synthesis Optimization Complete : Time (s): cpu = 00:00:19 ; elapsed = 00:00:22 . Memory (MB): peak = 879.711 ; gain = 361.387
INFO: [Project 1-571] Translating synthesized netlist
INFO: [Project 1-570] Preparing netlist for logic optimization
INFO: [Opt 31-138] Pushed 0 inverter(s) to 0 load pin(s).
Netlist sorting complete. Time (s): cpu = 00:00:00 ; elapsed = 00:00:00 . Memory (MB): peak = 888.027 ; gain = 0.000
INFO: [Project 1-111] Unisim Transformation Summary:
No Unisim elements were transformed.

INFO: [Common 17-83] Releasing license: Synthesis
14 Infos, 26 Warnings, 0 Critical Warnings and 0 Errors encountered.
synth_design completed successfully
synth_design: Time (s): cpu = 00:00:23 ; elapsed = 00:00:28 . Memory (MB): peak = 888.027 ; gain = 586.980
Netlist sorting complete. Time (s): cpu = 00:00:00 ; elapsed = 00:00:00 . Memory (MB): peak = 888.027 ; gain = 0.000
WARNING: [Constraints 18-5210] No constraints selected for write.
Resolution: This message can indicate that there are no constraints for the design, or it can indicate that the used_in flags are set such that the constraints are ignored. This later case is used when running synth_design to not write synthesis constraints to the resulting checkpoint. Instead, project constraints are read when the synthesized design is opened.
INFO: [Common 17-1381] The checkpoint 'C:/Users/Administrator/Desktop/Classes/NTOU_20260201/VerilogAndFPGA/W5/FPGA_Implement_2026/project_1/project_1.runs/synth_1/ClkDiv26Bits.dcp' has been generated.
INFO: [runtcl-4] Executing : report_utilization -file ClkDiv26Bits_utilization_synth.rpt -pb ClkDiv26Bits_utilization_synth.pb
INFO: [Common 17-206] Exiting Vivado at Thu Mar 26 09:31:00 2026...
